------------------------------------------------------------------------------
      name:  <unnamed>
       log:  D:\code\tt_no1\huizong_in_browser\data\2_shifu.log
  log type:  text
 opened on:  25 Jun 2020, 18:25:11

. display "hello tiaotiao!"
hello tiaotiao!

. insheet using "`root'\\`1'.csv"
(28 vars, 50 obs)

. // describe
. // summarize
. // codebook
. display "TT要开始做LOS回归啦！"
TT要开始做LOS回归啦！

. local x_list "观看总人数 峰值人数 粉丝增量 点赞增量 评论增量 转发增量 关注增
> 量 粉丝团增量 送礼UV"

. local y_list "销量 销售额 粉丝总量 点赞总数 平均评论 平均转发 音浪收入"

. foreach x of local x_list{
  2.         foreach y of local y_list{
  3.                 display "LOS回归 for " "`x', `y'"
  4.                 regress `x' `y'
  5.         }
  6. }
LOS回归 for 观看总人数, 销量

      Source |       SS           df       MS      Number of obs   =        50
-------------+----------------------------------   F(1, 48)        =      4.06
       Model |  3.1948e+13         1  3.1948e+13   Prob > F        =    0.0496
    Residual |  3.7793e+14        48  7.8735e+12   R-squared       =    0.0779
-------------+----------------------------------   Adj R-squared   =    0.0587
       Total |  4.0987e+14        49  8.3648e+12   Root MSE        =    2.8e+0
> 6

------------------------------------------------------------------------------
  观看总人数 |      Coef.   Std. Err.      t    P>|t|     [95% Conf. Interval]
-------------+----------------------------------------------------------------
        销量 |   5.475139   2.718052     2.01   0.050     .0101294    10.94015
       _cons |    1760690   453441.8     3.88   0.000     848984.4     2672396
------------------------------------------------------------------------------
LOS回归 for 观看总人数, 销售额

      Source |       SS           df       MS      Number of obs   =        50
-------------+----------------------------------   F(1, 48)        =      5.73
       Model |  4.3718e+13         1  4.3718e+13   Prob > F        =    0.0206
    Residual |  3.6616e+14        48  7.6282e+12   R-squared       =    0.1067
-------------+----------------------------------   Adj R-squared   =    0.0881
       Total |  4.0987e+14        49  8.3648e+12   Root MSE        =    2.8e+0
> 6

------------------------------------------------------------------------------
  观看总人数 |      Coef.   Std. Err.      t    P>|t|     [95% Conf. Interval]
-------------+----------------------------------------------------------------
      销售额 |   .0984943   .0411427     2.39   0.021     .0157714    .1812172
       _cons |    1589704   467035.5     3.40   0.001     650665.8     2528741
------------------------------------------------------------------------------
LOS回归 for 观看总人数, 粉丝总量

      Source |       SS           df       MS      Number of obs   =        50
-------------+----------------------------------   F(1, 48)        =     20.33
       Model |  1.2197e+14         1  1.2197e+14   Prob > F        =    0.0000
    Residual |  2.8791e+14        48  5.9981e+12   R-squared       =    0.2976
-------------+----------------------------------   Adj R-squared   =    0.2829
       Total |  4.0987e+14        49  8.3648e+12   Root MSE        =    2.4e+0
> 6

------------------------------------------------------------------------------
  观看总人数 |      Coef.   Std. Err.      t    P>|t|     [95% Conf. Interval]
-------------+----------------------------------------------------------------
    粉丝总量 |   .2005699   .0444785     4.51   0.000     .1111399    .2899999
       _cons |    1129796   420198.2     2.69   0.010     284930.5     1974661
------------------------------------------------------------------------------
LOS回归 for 观看总人数, 点赞总数

      Source |       SS           df       MS      Number of obs   =        50
-------------+----------------------------------   F(1, 48)        =     18.76
       Model |  1.1520e+14         1  1.1520e+14   Prob > F        =    0.0001
    Residual |  2.9467e+14        48  6.1391e+12   R-squared       =    0.2811
-------------+----------------------------------   Adj R-squared   =    0.2661
       Total |  4.0987e+14        49  8.3648e+12   Root MSE        =    2.5e+0
> 6

------------------------------------------------------------------------------
  观看总人数 |      Coef.   Std. Err.      t    P>|t|     [95% Conf. Interval]
-------------+----------------------------------------------------------------
    点赞总数 |   .0149475   .0034506     4.33   0.000     .0080096    .0218855
       _cons |    1473700   388714.4     3.79   0.000     692137.4     2255263
------------------------------------------------------------------------------
LOS回归 for 观看总人数, 平均评论

      Source |       SS           df       MS      Number of obs   =        50
-------------+----------------------------------   F(1, 48)        =      3.89
       Model |  3.0694e+13         1  3.0694e+13   Prob > F        =    0.0545
    Residual |  3.7918e+14        48  7.8996e+12   R-squared       =    0.0749
-------------+----------------------------------   Adj R-squared   =    0.0556
       Total |  4.0987e+14        49  8.3648e+12   Root MSE        =    2.8e+0
> 6

------------------------------------------------------------------------------
  观看总人数 |      Coef.   Std. Err.      t    P>|t|     [95% Conf. Interval]
-------------+----------------------------------------------------------------
    平均评论 |   478.2003   242.5949     1.97   0.054    -9.569411    965.9701
       _cons |    1547946   517985.8     2.99   0.004     506466.2     2589427
------------------------------------------------------------------------------
LOS回归 for 观看总人数, 平均转发

      Source |       SS           df       MS      Number of obs   =        50
-------------+----------------------------------   F(1, 48)        =      0.04
       Model |  3.4130e+11         1  3.4130e+11   Prob > F        =    0.8423
    Residual |  4.0953e+14        48  8.5319e+12   R-squared       =    0.0008
-------------+----------------------------------   Adj R-squared   =   -0.0200
       Total |  4.0987e+14        49  8.3648e+12   Root MSE        =    2.9e+0
> 6

------------------------------------------------------------------------------
  观看总人数 |      Coef.   Std. Err.      t    P>|t|     [95% Conf. Interval]
-------------+----------------------------------------------------------------
    平均转发 |   30.92822   154.6365     0.20   0.842    -279.9894    341.8458
       _cons |    2175158   435369.1     5.00   0.000      1299790     3050526
------------------------------------------------------------------------------
LOS回归 for 观看总人数, 音浪收入

      Source |       SS           df       MS      Number of obs   =        50
-------------+----------------------------------   F(1, 48)        =     22.19
       Model |  1.2959e+14         1  1.2959e+14   Prob > F        =    0.0000
    Residual |  2.8028e+14        48  5.8391e+12   R-squared       =    0.3162
-------------+----------------------------------   Adj R-squared   =    0.3019
       Total |  4.0987e+14        49  8.3648e+12   Root MSE        =    2.4e+0
> 6

------------------------------------------------------------------------------
  观看总人数 |      Coef.   Std. Err.      t    P>|t|     [95% Conf. Interval]
-------------+----------------------------------------------------------------
    音浪收入 |   8.092019   1.717659     4.71   0.000     4.638433     11.5456
       _cons |    1175205     405398     2.90   0.006       360098     1990312
------------------------------------------------------------------------------
LOS回归 for 峰值人数, 销量

      Source |       SS           df       MS      Number of obs   =        50
-------------+----------------------------------   F(1, 48)        =      1.12
       Model |   816063353         1   816063353   Prob > F        =    0.2951
    Residual |  3.4963e+10        48   728402209   R-squared       =    0.0228
-------------+----------------------------------   Adj R-squared   =    0.0025
       Total |  3.5779e+10        49   730191212   Root MSE        =     26989

------------------------------------------------------------------------------
    峰值人数 |      Coef.   Std. Err.      t    P>|t|     [95% Conf. Interval]
-------------+----------------------------------------------------------------
        销量 |   .0276718   .0261433     1.06   0.295    -.0248929    .0802365
       _cons |   13302.89   4361.387     3.05   0.004     4533.735    22072.05
------------------------------------------------------------------------------
LOS回归 for 峰值人数, 销售额

      Source |       SS           df       MS      Number of obs   =        50
-------------+----------------------------------   F(1, 48)        =      1.15
       Model |   838763007         1   838763007   Prob > F        =    0.2884
    Residual |  3.4941e+10        48   727929299   R-squared       =    0.0234
-------------+----------------------------------   Adj R-squared   =    0.0031
       Total |  3.5779e+10        49   730191212   Root MSE        =     26980

------------------------------------------------------------------------------
    峰值人数 |      Coef.   Std. Err.      t    P>|t|     [95% Conf. Interval]
-------------+----------------------------------------------------------------
      销售额 |   .0004314   .0004019     1.07   0.288    -.0003767    .0012395
       _cons |    12851.8   4562.285     2.82   0.007     3678.711    22024.89
------------------------------------------------------------------------------
LOS回归 for 峰值人数, 粉丝总量

      Source |       SS           df       MS      Number of obs   =        50
-------------+----------------------------------   F(1, 48)        =     30.05
       Model |  1.3776e+10         1  1.3776e+10   Prob > F        =    0.0000
    Residual |  2.2003e+10        48   458393420   R-squared       =    0.3850
-------------+----------------------------------   Adj R-squared   =    0.3722
       Total |  3.5779e+10        49   730191212   Root MSE        =     21410

------------------------------------------------------------------------------
    峰值人数 |      Coef.   Std. Err.      t    P>|t|     [95% Conf. Interval]
-------------+----------------------------------------------------------------
    粉丝总量 |   .0021316   .0003888     5.48   0.000     .0013498    .0029134
       _cons |   4134.324     3673.4     1.13   0.266    -3251.541    11520.19
------------------------------------------------------------------------------
LOS回归 for 峰值人数, 点赞总数

      Source |       SS           df       MS      Number of obs   =        50
-------------+----------------------------------   F(1, 48)        =     40.66
       Model |  1.6409e+10         1  1.6409e+10   Prob > F        =    0.0000
    Residual |  1.9371e+10        48   403555121   R-squared       =    0.4586
-------------+----------------------------------   Adj R-squared   =    0.4473
       Total |  3.5779e+10        49   730191212   Root MSE        =     20089

------------------------------------------------------------------------------
    峰值人数 |      Coef.   Std. Err.      t    P>|t|     [95% Conf. Interval]
-------------+----------------------------------------------------------------
    点赞总数 |   .0001784    .000028     6.38   0.000     .0001221    .0002346
       _cons |    6836.69   3151.602     2.17   0.035     499.9692    13173.41
------------------------------------------------------------------------------
LOS回归 for 峰值人数, 平均评论

      Source |       SS           df       MS      Number of obs   =        50
-------------+----------------------------------   F(1, 48)        =      2.92
       Model |  2.0515e+09         1  2.0515e+09   Prob > F        =    0.0940
    Residual |  3.3728e+10        48   702663225   R-squared       =    0.0573
-------------+----------------------------------   Adj R-squared   =    0.0377
       Total |  3.5779e+10        49   730191212   Root MSE        =     26508

------------------------------------------------------------------------------
    峰值人数 |      Coef.   Std. Err.      t    P>|t|     [95% Conf. Interval]
-------------+----------------------------------------------------------------
    平均评论 |   3.909485   2.287988     1.71   0.094    -.6908232    8.509793
       _cons |   10184.09   4885.285     2.08   0.042     361.5623    20006.61
------------------------------------------------------------------------------
LOS回归 for 峰值人数, 平均转发

      Source |       SS           df       MS      Number of obs   =        50
-------------+----------------------------------   F(1, 48)        =      0.00
       Model |  1813709.36         1  1813709.36   Prob > F        =    0.9609
    Residual |  3.5778e+10        48   745365743   R-squared       =    0.0001
-------------+----------------------------------   Adj R-squared   =   -0.0208
       Total |  3.5779e+10        49   730191212   Root MSE        =     27301

------------------------------------------------------------------------------
    峰值人数 |      Coef.   Std. Err.      t    P>|t|     [95% Conf. Interval]
-------------+----------------------------------------------------------------
    平均转发 |   .0712972   1.445351     0.05   0.961    -2.834777    2.977371
       _cons |   15473.24   4069.293     3.80   0.000     7291.379     23655.1
------------------------------------------------------------------------------
LOS回归 for 峰值人数, 音浪收入

      Source |       SS           df       MS      Number of obs   =        50
-------------+----------------------------------   F(1, 48)        =     11.58
       Model |  6.9524e+09         1  6.9524e+09   Prob > F        =    0.0014
    Residual |  2.8827e+10        48   600561443   R-squared       =    0.1943
-------------+----------------------------------   Adj R-squared   =    0.1775
       Total |  3.5779e+10        49   730191212   Root MSE        =     24506

------------------------------------------------------------------------------
    峰值人数 |      Coef.   Std. Err.      t    P>|t|     [95% Conf. Interval]
-------------+----------------------------------------------------------------
    音浪收入 |   .0592694   .0174197     3.40   0.001     .0242447    .0942942
       _cons |   8011.118   4111.365     1.95   0.057     -255.335    16277.57
------------------------------------------------------------------------------
LOS回归 for 粉丝增量, 销量

      Source |       SS           df       MS      Number of obs   =        47
-------------+----------------------------------   F(1, 45)        =      0.00
       Model |  2437852.29         1  2437852.29   Prob > F        =    0.9960
    Residual |  4.3012e+12        45  9.5582e+10   R-squared       =    0.0000
-------------+----------------------------------   Adj R-squared   =   -0.0222
       Total |  4.3012e+12        46  9.3504e+10   Root MSE        =    3.1e+0
> 5

------------------------------------------------------------------------------
    粉丝增量 |      Coef.   Std. Err.      t    P>|t|     [95% Conf. Interval]
-------------+----------------------------------------------------------------
        销量 |   .0015222   .3014009     0.01   0.996    -.6055305    .6085748
       _cons |   181165.3   51846.73     3.49   0.001     76740.63      285590
------------------------------------------------------------------------------
LOS回归 for 粉丝增量, 销售额

      Source |       SS           df       MS      Number of obs   =        47
-------------+----------------------------------   F(1, 45)        =      0.63
       Model |  5.9462e+10         1  5.9462e+10   Prob > F        =    0.4312
    Residual |  4.2417e+12        45  9.4261e+10   R-squared       =    0.0138
-------------+----------------------------------   Adj R-squared   =   -0.0081
       Total |  4.3012e+12        46  9.3504e+10   Root MSE        =    3.1e+0
> 5

------------------------------------------------------------------------------
    粉丝增量 |      Coef.   Std. Err.      t    P>|t|     [95% Conf. Interval]
-------------+----------------------------------------------------------------
      销售额 |   .0036619   .0046105     0.79   0.431    -.0056242     .012948
       _cons |   157397.8   53951.82     2.92   0.005     48733.25    266062.3
------------------------------------------------------------------------------
LOS回归 for 粉丝增量, 粉丝总量

      Source |       SS           df       MS      Number of obs   =        47
-------------+----------------------------------   F(1, 45)        =      7.32
       Model |  6.0164e+11         1  6.0164e+11   Prob > F        =    0.0096
    Residual |  3.6996e+12        45  8.2213e+10   R-squared       =    0.1399
-------------+----------------------------------   Adj R-squared   =    0.1208
       Total |  4.3012e+12        46  9.3504e+10   Root MSE        =    2.9e+0
> 5

------------------------------------------------------------------------------
    粉丝增量 |      Coef.   Std. Err.      t    P>|t|     [95% Conf. Interval]
-------------+----------------------------------------------------------------
    粉丝总量 |   .0142438   .0052653     2.71   0.010     .0036389    .0248487
       _cons |   100989.3   51287.67     1.97   0.055    -2309.345      204288
------------------------------------------------------------------------------
LOS回归 for 粉丝增量, 点赞总数

      Source |       SS           df       MS      Number of obs   =        47
-------------+----------------------------------   F(1, 45)        =      7.13
       Model |  5.8840e+11         1  5.8840e+11   Prob > F        =    0.0105
    Residual |  3.7128e+12        45  8.2507e+10   R-squared       =    0.1368
-------------+----------------------------------   Adj R-squared   =    0.1176
       Total |  4.3012e+12        46  9.3504e+10   Root MSE        =    2.9e+0
> 5

------------------------------------------------------------------------------
    粉丝增量 |      Coef.   Std. Err.      t    P>|t|     [95% Conf. Interval]
-------------+----------------------------------------------------------------
    点赞总数 |   .0010738   .0004021     2.67   0.011     .0002639    .0018836
       _cons |   126176.9   46706.05     2.70   0.010     32106.07    220247.7
------------------------------------------------------------------------------
LOS回归 for 粉丝增量, 平均评论

      Source |       SS           df       MS      Number of obs   =        47
-------------+----------------------------------   F(1, 45)        =     19.50
       Model |  1.3004e+12         1  1.3004e+12   Prob > F        =    0.0001
    Residual |  3.0008e+12        45  6.6685e+10   R-squared       =    0.3023
-------------+----------------------------------   Adj R-squared   =    0.2868
       Total |  4.3012e+12        46  9.3504e+10   Root MSE        =    2.6e+0
> 5

------------------------------------------------------------------------------
    粉丝增量 |      Coef.   Std. Err.      t    P>|t|     [95% Conf. Interval]
-------------+----------------------------------------------------------------
    平均评论 |   100.3352   22.72095     4.42   0.000     54.57284    146.0975
       _cons |   35868.25   50033.25     0.72   0.477    -64903.89    136640.4
------------------------------------------------------------------------------
LOS回归 for 粉丝增量, 平均转发

      Source |       SS           df       MS      Number of obs   =        47
-------------+----------------------------------   F(1, 45)        =     27.00
       Model |  1.6129e+12         1  1.6129e+12   Prob > F        =    0.0000
    Residual |  2.6883e+12        45  5.9739e+10   R-squared       =    0.3750
-------------+----------------------------------   Adj R-squared   =    0.3611
       Total |  4.3012e+12        46  9.3504e+10   Root MSE        =    2.4e+0
> 5

------------------------------------------------------------------------------
    粉丝增量 |      Coef.   Std. Err.      t    P>|t|     [95% Conf. Interval]
-------------+----------------------------------------------------------------
    平均转发 |   67.44341   12.97961     5.20   0.000     41.30113    93.58569
       _cons |   117758.5    37690.4     3.12   0.003     41846.14    193670.8
------------------------------------------------------------------------------
LOS回归 for 粉丝增量, 音浪收入

      Source |       SS           df       MS      Number of obs   =        47
-------------+----------------------------------   F(1, 45)        =      0.01
       Model |   836821018         1   836821018   Prob > F        =    0.9259
    Residual |  4.3004e+12        45  9.5564e+10   R-squared       =    0.0002
-------------+----------------------------------   Adj R-squared   =   -0.0220
       Total |  4.3012e+12        46  9.3504e+10   Root MSE        =    3.1e+0
> 5

------------------------------------------------------------------------------
    粉丝增量 |      Coef.   Std. Err.      t    P>|t|     [95% Conf. Interval]
-------------+----------------------------------------------------------------
    音浪收入 |  -.0207333   .2215636    -0.09   0.926    -.4669852    .4255187
       _cons |   184057.3   53897.45     3.41   0.001     75502.22    292612.3
------------------------------------------------------------------------------
LOS回归 for 点赞增量, 销量

      Source |       SS           df       MS      Number of obs   =        50
-------------+----------------------------------   F(1, 48)        =      0.00
       Model |  3.9941e+10         1  3.9941e+10   Prob > F        =    0.9676
    Residual |  1.1528e+15        48  2.4017e+13   R-squared       =    0.0000
-------------+----------------------------------   Adj R-squared   =   -0.0208
       Total |  1.1529e+15        49  2.3528e+13   Root MSE        =    4.9e+0
> 6

------------------------------------------------------------------------------
    点赞增量 |      Coef.   Std. Err.      t    P>|t|     [95% Conf. Interval]
-------------+----------------------------------------------------------------
        销量 |  -.1935908   4.747199    -0.04   0.968    -9.738474    9.351293
       _cons |    2204787   791956.4     2.78   0.008     612452.2     3797122
------------------------------------------------------------------------------
LOS回归 for 点赞增量, 销售额

      Source |       SS           df       MS      Number of obs   =        50
-------------+----------------------------------   F(1, 48)        =      0.03
       Model |  8.2274e+11         1  8.2274e+11   Prob > F        =    0.8539
    Residual |  1.1520e+15        48  2.4001e+13   R-squared       =    0.0007
-------------+----------------------------------   Adj R-squared   =   -0.0201
       Total |  1.1529e+15        49  2.3528e+13   Root MSE        =    4.9e+0
> 6

------------------------------------------------------------------------------
    点赞增量 |      Coef.   Std. Err.      t    P>|t|     [95% Conf. Interval]
-------------+----------------------------------------------------------------
      销售额 |   .0135118   .0729786     0.19   0.854    -.1332214     .160245
       _cons |    2105073   828423.8     2.54   0.014     439414.8     3770730
------------------------------------------------------------------------------
LOS回归 for 点赞增量, 粉丝总量

      Source |       SS           df       MS      Number of obs   =        50
-------------+----------------------------------   F(1, 48)        =     75.19
       Model |  7.0366e+14         1  7.0366e+14   Prob > F        =    0.0000
    Residual |  4.4921e+14        48  9.3586e+12   R-squared       =    0.6104
-------------+----------------------------------   Adj R-squared   =    0.6022
       Total |  1.1529e+15        49  2.3528e+13   Root MSE        =    3.1e+0
> 6

------------------------------------------------------------------------------
    点赞增量 |      Coef.   Std. Err.      t    P>|t|     [95% Conf. Interval]
-------------+----------------------------------------------------------------
    粉丝总量 |   .4817544   .0555585     8.67   0.000     .3700466    .5934622
       _cons |  -387782.7   524873.4    -0.74   0.464     -1443111      667546
------------------------------------------------------------------------------
LOS回归 for 点赞增量, 点赞总数

      Source |       SS           df       MS      Number of obs   =        50
-------------+----------------------------------   F(1, 48)        =    122.99
       Model |  8.2925e+14         1  8.2925e+14   Prob > F        =    0.0000
    Residual |  3.2363e+14        48  6.7422e+12   R-squared       =    0.7193
-------------+----------------------------------   Adj R-squared   =    0.7134
       Total |  1.1529e+15        49  2.3528e+13   Root MSE        =    2.6e+0
> 6

------------------------------------------------------------------------------
    点赞增量 |      Coef.   Std. Err.      t    P>|t|     [95% Conf. Interval]
-------------+----------------------------------------------------------------
    点赞总数 |    .040104   .0036162    11.09   0.000     .0328332    .0473747
       _cons |   233375.7   407362.3     0.57   0.569    -585681.2     1052433
------------------------------------------------------------------------------
LOS回归 for 点赞增量, 平均评论

      Source |       SS           df       MS      Number of obs   =        50
-------------+----------------------------------   F(1, 48)        =     10.00
       Model |  1.9884e+14         1  1.9884e+14   Prob > F        =    0.0027
    Residual |  9.5403e+14        48  1.9876e+13   R-squared       =    0.1725
-------------+----------------------------------   Adj R-squared   =    0.1552
       Total |  1.1529e+15        49  2.3528e+13   Root MSE        =    4.5e+0
> 6

------------------------------------------------------------------------------
    点赞增量 |      Coef.   Std. Err.      t    P>|t|     [95% Conf. Interval]
-------------+----------------------------------------------------------------
    平均评论 |   1217.107   384.8057     3.16   0.003     443.4034    1990.811
       _cons |   522794.3   821632.6     0.64   0.528     -1129209     2174797
------------------------------------------------------------------------------
LOS回归 for 点赞增量, 平均转发

      Source |       SS           df       MS      Number of obs   =        50
-------------+----------------------------------   F(1, 48)        =      0.75
       Model |  1.7624e+13         1  1.7624e+13   Prob > F        =    0.3923
    Residual |  1.1352e+15        48  2.3651e+13   R-squared       =    0.0153
-------------+----------------------------------   Adj R-squared   =   -0.0052
       Total |  1.1529e+15        49  2.3528e+13   Root MSE        =    4.9e+0
> 6

------------------------------------------------------------------------------
    点赞增量 |      Coef.   Std. Err.      t    P>|t|     [95% Conf. Interval]
-------------+----------------------------------------------------------------
    平均转发 |   222.2491   257.4622     0.86   0.392    -295.4133    739.9114
       _cons |    1991532   724867.9     2.75   0.008       534087     3448976
------------------------------------------------------------------------------
LOS回归 for 点赞增量, 音浪收入

      Source |       SS           df       MS      Number of obs   =        50
-------------+----------------------------------   F(1, 48)        =      1.81
       Model |  4.1896e+13         1  4.1896e+13   Prob > F        =    0.1848
    Residual |  1.1110e+15        48  2.3145e+13   R-squared       =    0.0363
-------------+----------------------------------   Adj R-squared   =    0.0163
       Total |  1.1529e+15        49  2.3528e+13   Root MSE        =    4.8e+0
> 6

------------------------------------------------------------------------------
    点赞增量 |      Coef.   Std. Err.      t    P>|t|     [95% Conf. Interval]
-------------+----------------------------------------------------------------
    音浪收入 |   4.600951   3.419751     1.35   0.185    -2.274918    11.47682
       _cons |    1604971   807121.6     1.99   0.052     -17855.8     3227798
------------------------------------------------------------------------------
LOS回归 for 评论增量, 销量

      Source |       SS           df       MS      Number of obs   =        50
-------------+----------------------------------   F(1, 48)        =      0.02
       Model |  74165007.8         1  74165007.8   Prob > F        =    0.9001
    Residual |  2.2333e+11        48  4.6527e+09   R-squared       =    0.0003
-------------+----------------------------------   Adj R-squared   =   -0.0205
       Total |  2.2341e+11        49  4.5593e+09   Root MSE        =     68211

------------------------------------------------------------------------------
    评论增量 |      Coef.   Std. Err.      t    P>|t|     [95% Conf. Interval]
-------------+----------------------------------------------------------------
        销量 |   .0083421   .0660739     0.13   0.900    -.1245083    .1411925
       _cons |   53265.06   11022.84     4.83   0.000     31102.15    75427.97
------------------------------------------------------------------------------
LOS回归 for 评论增量, 销售额

      Source |       SS           df       MS      Number of obs   =        50
-------------+----------------------------------   F(1, 48)        =      0.29
       Model |  1.3305e+09         1  1.3305e+09   Prob > F        =    0.5943
    Residual |  2.2208e+11        48  4.6266e+09   R-squared       =    0.0060
-------------+----------------------------------   Adj R-squared   =   -0.0148
       Total |  2.2341e+11        49  4.5593e+09   Root MSE        =     68019

------------------------------------------------------------------------------
    评论增量 |      Coef.   Std. Err.      t    P>|t|     [95% Conf. Interval]
-------------+----------------------------------------------------------------
      销售额 |   .0005434   .0010132     0.54   0.594    -.0014939    .0025806
       _cons |   50557.03   11501.84     4.40   0.000     27431.03    73683.04
------------------------------------------------------------------------------
LOS回归 for 评论增量, 粉丝总量

      Source |       SS           df       MS      Number of obs   =        50
-------------+----------------------------------   F(1, 48)        =    104.18
       Model |  1.5294e+11         1  1.5294e+11   Prob > F        =    0.0000
    Residual |  7.0466e+10        48  1.4680e+09   R-squared       =    0.6846
-------------+----------------------------------   Adj R-squared   =    0.6780
       Total |  2.2341e+11        49  4.5593e+09   Root MSE        =     38315

------------------------------------------------------------------------------
    评论增量 |      Coef.   Std. Err.      t    P>|t|     [95% Conf. Interval]
-------------+----------------------------------------------------------------
    粉丝总量 |   .0071024   .0006958    10.21   0.000     .0057033    .0085015
       _cons |    15947.1   6573.807     2.43   0.019     2729.578    29164.63
------------------------------------------------------------------------------
LOS回归 for 评论增量, 点赞总数

      Source |       SS           df       MS      Number of obs   =        50
-------------+----------------------------------   F(1, 48)        =     98.58
       Model |  1.5025e+11         1  1.5025e+11   Prob > F        =    0.0000
    Residual |  7.3158e+10        48  1.5241e+09   R-squared       =    0.6725
-------------+----------------------------------   Adj R-squared   =    0.6657
       Total |  2.2341e+11        49  4.5593e+09   Root MSE        =     39040

------------------------------------------------------------------------------
    评论增量 |      Coef.   Std. Err.      t    P>|t|     [95% Conf. Interval]
-------------+----------------------------------------------------------------
    点赞总数 |   .0005398   .0000544     9.93   0.000     .0004305    .0006491
       _cons |   27612.55   6124.782     4.51   0.000     15297.85    39927.25
------------------------------------------------------------------------------
LOS回归 for 评论增量, 平均评论

      Source |       SS           df       MS      Number of obs   =        50
-------------+----------------------------------   F(1, 48)        =     31.00
       Model |  8.7661e+10         1  8.7661e+10   Prob > F        =    0.0000
    Residual |  1.3574e+11        48  2.8280e+09   R-squared       =    0.3924
-------------+----------------------------------   Adj R-squared   =    0.3797
       Total |  2.2341e+11        49  4.5593e+09   Root MSE        =     53179

------------------------------------------------------------------------------
    评论增量 |      Coef.   Std. Err.      t    P>|t|     [95% Conf. Interval]
-------------+----------------------------------------------------------------
    平均评论 |    25.5555   4.590083     5.57   0.000     16.32652    34.78448
       _cons |   18949.92   9800.692     1.93   0.059    -755.6969    38655.53
------------------------------------------------------------------------------
LOS回归 for 评论增量, 平均转发

      Source |       SS           df       MS      Number of obs   =        50
-------------+----------------------------------   F(1, 48)        =      4.41
       Model |  1.8779e+10         1  1.8779e+10   Prob > F        =    0.0411
    Residual |  2.0463e+11        48  4.2631e+09   R-squared       =    0.0841
-------------+----------------------------------   Adj R-squared   =    0.0650
       Total |  2.2341e+11        49  4.5593e+09   Root MSE        =     65292

------------------------------------------------------------------------------
    评论增量 |      Coef.   Std. Err.      t    P>|t|     [95% Conf. Interval]
-------------+----------------------------------------------------------------
    平均转发 |   7.254781   3.456603     2.10   0.041     .3048145    14.20475
       _cons |   47487.36   9731.842     4.88   0.000     27920.18    67054.54
------------------------------------------------------------------------------
LOS回归 for 评论增量, 音浪收入

      Source |       SS           df       MS      Number of obs   =        50
-------------+----------------------------------   F(1, 48)        =      4.70
       Model |  1.9936e+10         1  1.9936e+10   Prob > F        =    0.0351
    Residual |  2.0347e+11        48  4.2390e+09   R-squared       =    0.0892
-------------+----------------------------------   Adj R-squared   =    0.0703
       Total |  2.2341e+11        49  4.5593e+09   Root MSE        =     65107

------------------------------------------------------------------------------
    评论增量 |      Coef.   Std. Err.      t    P>|t|     [95% Conf. Interval]
-------------+----------------------------------------------------------------
    音浪收入 |   .1003644   .0462799     2.17   0.035     .0073124    .1934164
       _cons |   41195.06   10922.88     3.77   0.000     19233.14    63156.97
------------------------------------------------------------------------------
LOS回归 for 转发增量, 销量

      Source |       SS           df       MS      Number of obs   =        50
-------------+----------------------------------   F(1, 48)        =      0.21
       Model |  1.4236e+09         1  1.4236e+09   Prob > F        =    0.6452
    Residual |  3.1835e+11        48  6.6322e+09   R-squared       =    0.0045
-------------+----------------------------------   Adj R-squared   =   -0.0163
       Total |  3.1977e+11        49  6.5259e+09   Root MSE        =     81438

------------------------------------------------------------------------------
    转发增量 |      Coef.   Std. Err.      t    P>|t|     [95% Conf. Interval]
-------------+----------------------------------------------------------------
        销量 |   .0365488   .0788868     0.46   0.645    -.1220637    .1951613
       _cons |   34171.25   13160.37     2.60   0.012     7710.562    60631.94
------------------------------------------------------------------------------
LOS回归 for 转发增量, 销售额

      Source |       SS           df       MS      Number of obs   =        50
-------------+----------------------------------   F(1, 48)        =      2.23
       Model |  1.4186e+10         1  1.4186e+10   Prob > F        =    0.1420
    Residual |  3.0558e+11        48  6.3663e+09   R-squared       =    0.0444
-------------+----------------------------------   Adj R-squared   =    0.0245
       Total |  3.1977e+11        49  6.5259e+09   Root MSE        =     79789

------------------------------------------------------------------------------
    转发增量 |      Coef.   Std. Err.      t    P>|t|     [95% Conf. Interval]
-------------+----------------------------------------------------------------
      销售额 |   .0017743   .0011886     1.49   0.142    -.0006155     .004164
       _cons |   26079.93   13492.17     1.93   0.059    -1047.898    53207.76
------------------------------------------------------------------------------
LOS回归 for 转发增量, 粉丝总量

      Source |       SS           df       MS      Number of obs   =        50
-------------+----------------------------------   F(1, 48)        =      8.81
       Model |  4.9599e+10         1  4.9599e+10   Prob > F        =    0.0047
    Residual |  2.7017e+11        48  5.6286e+09   R-squared       =    0.1551
-------------+----------------------------------   Adj R-squared   =    0.1375
       Total |  3.1977e+11        49  6.5259e+09   Root MSE        =     75024

------------------------------------------------------------------------------
    转发增量 |      Coef.   Std. Err.      t    P>|t|     [95% Conf. Interval]
-------------+----------------------------------------------------------------
    粉丝总量 |   .0040446   .0013625     2.97   0.005     .0013051    .0067842
       _cons |    15486.5   12872.05     1.20   0.235    -10394.48    41367.49
------------------------------------------------------------------------------
LOS回归 for 转发增量, 点赞总数

      Source |       SS           df       MS      Number of obs   =        50
-------------+----------------------------------   F(1, 48)        =      4.67
       Model |  2.8342e+10         1  2.8342e+10   Prob > F        =    0.0357
    Residual |  2.9143e+11        48  6.0714e+09   R-squared       =    0.0886
-------------+----------------------------------   Adj R-squared   =    0.0696
       Total |  3.1977e+11        49  6.5259e+09   Root MSE        =     77919

------------------------------------------------------------------------------
    转发增量 |      Coef.   Std. Err.      t    P>|t|     [95% Conf. Interval]
-------------+----------------------------------------------------------------
    点赞总数 |   .0002345   .0001085     2.16   0.036     .0000163    .0004526
       _cons |   25687.57   12224.31     2.10   0.041      1108.96    50266.19
------------------------------------------------------------------------------
LOS回归 for 转发增量, 平均评论

      Source |       SS           df       MS      Number of obs   =        50
-------------+----------------------------------   F(1, 48)        =     12.67
       Model |  6.6777e+10         1  6.6777e+10   Prob > F        =    0.0008
    Residual |  2.5299e+11        48  5.2707e+09   R-squared       =    0.2088
-------------+----------------------------------   Adj R-squared   =    0.1923
       Total |  3.1977e+11        49  6.5259e+09   Root MSE        =     72599

------------------------------------------------------------------------------
    转发增量 |      Coef.   Std. Err.      t    P>|t|     [95% Conf. Interval]
-------------+----------------------------------------------------------------
    平均评论 |   22.30454   6.266332     3.56   0.001     9.705235    34.90384
       _cons |   6583.989    13379.8     0.49   0.625     -20317.9    33485.88
------------------------------------------------------------------------------
LOS回归 for 转发增量, 平均转发

      Source |       SS           df       MS      Number of obs   =        50
-------------+----------------------------------   F(1, 48)        =    138.12
       Model |  2.3730e+11         1  2.3730e+11   Prob > F        =    0.0000
    Residual |  8.2467e+10        48  1.7181e+09   R-squared       =    0.7421
-------------+----------------------------------   Adj R-squared   =    0.7367
       Total |  3.1977e+11        49  6.5259e+09   Root MSE        =     41450

------------------------------------------------------------------------------
    转发增量 |      Coef.   Std. Err.      t    P>|t|     [95% Conf. Interval]
-------------+----------------------------------------------------------------
    平均转发 |    25.7893   2.194367    11.75   0.000     21.37723    30.20137
       _cons |   14189.22   6178.096     2.30   0.026     1767.325    26611.12
------------------------------------------------------------------------------
LOS回归 for 转发增量, 音浪收入

      Source |       SS           df       MS      Number of obs   =        50
-------------+----------------------------------   F(1, 48)        =      0.11
       Model |   698678520         1   698678520   Prob > F        =    0.7472
    Residual |  3.1907e+11        48  6.6473e+09   R-squared       =    0.0022
-------------+----------------------------------   Adj R-squared   =   -0.0186
       Total |  3.1977e+11        49  6.5259e+09   Root MSE        =     81531

------------------------------------------------------------------------------
    转发增量 |      Coef.   Std. Err.      t    P>|t|     [95% Conf. Interval]
-------------+----------------------------------------------------------------
    音浪收入 |   .0187889   .0579543     0.32   0.747     -.097736    .1353138
       _cons |   34735.93   13678.24     2.54   0.014     7233.983    62237.87
------------------------------------------------------------------------------
LOS回归 for 关注增量, 销量

      Source |       SS           df       MS      Number of obs   =        50
-------------+----------------------------------   F(1, 48)        =      5.45
       Model |  7.8050e+09         1  7.8050e+09   Prob > F        =    0.0238
    Residual |  6.8738e+10        48  1.4320e+09   R-squared       =    0.1020
-------------+----------------------------------   Adj R-squared   =    0.0833
       Total |  7.6543e+10        49  1.5621e+09   Root MSE        =     37842

------------------------------------------------------------------------------
    关注增量 |      Coef.   Std. Err.      t    P>|t|     [95% Conf. Interval]
-------------+----------------------------------------------------------------
        销量 |   .0855776   .0366566     2.33   0.024     .0118746    .1592807
       _cons |    16348.3    6115.28     2.67   0.010       4052.7    28643.89
------------------------------------------------------------------------------
LOS回归 for 关注增量, 销售额

      Source |       SS           df       MS      Number of obs   =        50
-------------+----------------------------------   F(1, 48)        =      9.27
       Model |  1.2394e+10         1  1.2394e+10   Prob > F        =    0.0038
    Residual |  6.4148e+10        48  1.3364e+09   R-squared       =    0.1619
-------------+----------------------------------   Adj R-squared   =    0.1445
       Total |  7.6543e+10        49  1.5621e+09   Root MSE        =     36557

------------------------------------------------------------------------------
    关注增量 |      Coef.   Std. Err.      t    P>|t|     [95% Conf. Interval]
-------------+----------------------------------------------------------------
      销售额 |   .0016584   .0005446     3.05   0.004     .0005635    .0027533
       _cons |   12935.58   6181.727     2.09   0.042      506.388    25364.78
------------------------------------------------------------------------------
LOS回归 for 关注增量, 粉丝总量

      Source |       SS           df       MS      Number of obs   =        50
-------------+----------------------------------   F(1, 48)        =      0.20
       Model |   324944389         1   324944389   Prob > F        =    0.6530
    Residual |  7.6218e+10        48  1.5879e+09   R-squared       =    0.0042
-------------+----------------------------------   Adj R-squared   =   -0.0165
       Total |  7.6543e+10        49  1.5621e+09   Root MSE        =     39848

------------------------------------------------------------------------------
    关注增量 |      Coef.   Std. Err.      t    P>|t|     [95% Conf. Interval]
-------------+----------------------------------------------------------------
    粉丝总量 |   .0003274   .0007237     0.45   0.653    -.0011277    .0017825
       _cons |   21505.21   6836.861     3.15   0.003     7758.778    35251.64
------------------------------------------------------------------------------
LOS回归 for 关注增量, 点赞总数

      Source |       SS           df       MS      Number of obs   =        50
-------------+----------------------------------   F(1, 48)        =      0.23
       Model |   364232173         1   364232173   Prob > F        =    0.6341
    Residual |  7.6179e+10        48  1.5871e+09   R-squared       =    0.0048
-------------+----------------------------------   Adj R-squared   =   -0.0160
       Total |  7.6543e+10        49  1.5621e+09   Root MSE        =     39838

------------------------------------------------------------------------------
    关注增量 |      Coef.   Std. Err.      t    P>|t|     [95% Conf. Interval]
-------------+----------------------------------------------------------------
    点赞总数 |   .0000266   .0000555     0.48   0.634     -.000085    .0001381
       _cons |   21960.19   6249.939     3.51   0.001     9393.845    34526.54
------------------------------------------------------------------------------
LOS回归 for 关注增量, 平均评论

      Source |       SS           df       MS      Number of obs   =        50
-------------+----------------------------------   F(1, 48)        =      0.76
       Model |  1.1922e+09         1  1.1922e+09   Prob > F        =    0.3878
    Residual |  7.5351e+10        48  1.5698e+09   R-squared       =    0.0156
-------------+----------------------------------   Adj R-squared   =   -0.0049
       Total |  7.6543e+10        49  1.5621e+09   Root MSE        =     39621

------------------------------------------------------------------------------
    关注增量 |      Coef.   Std. Err.      t    P>|t|     [95% Conf. Interval]
-------------+----------------------------------------------------------------
    平均评论 |   2.980287   3.419817     0.87   0.388    -3.895716    9.856289
       _cons |   19176.01   7301.953     2.63   0.012      4494.45    33857.57
------------------------------------------------------------------------------
LOS回归 for 关注增量, 平均转发

      Source |       SS           df       MS      Number of obs   =        50
-------------+----------------------------------   F(1, 48)        =      0.36
       Model |   576488227         1   576488227   Prob > F        =    0.5490
    Residual |  7.5966e+10        48  1.5826e+09   R-squared       =    0.0075
-------------+----------------------------------   Adj R-squared   =   -0.0131
       Total |  7.6543e+10        49  1.5621e+09   Root MSE        =     39782

------------------------------------------------------------------------------
    关注增量 |      Coef.   Std. Err.      t    P>|t|     [95% Conf. Interval]
-------------+----------------------------------------------------------------
    平均转发 |   1.271112   2.106099     0.60   0.549    -2.963483    5.505708
       _cons |   22126.08   5929.584     3.73   0.001     10203.85    34048.31
------------------------------------------------------------------------------
LOS回归 for 关注增量, 音浪收入

      Source |       SS           df       MS      Number of obs   =        50
-------------+----------------------------------   F(1, 48)        =      6.71
       Model |  9.3886e+09         1  9.3886e+09   Prob > F        =    0.0127
    Residual |  6.7154e+10        48  1.3990e+09   R-squared       =    0.1227
-------------+----------------------------------   Adj R-squared   =    0.1044
       Total |  7.6543e+10        49  1.5621e+09   Root MSE        =     37404

------------------------------------------------------------------------------
    关注增量 |      Coef.   Std. Err.      t    P>|t|     [95% Conf. Interval]
-------------+----------------------------------------------------------------
    音浪收入 |   .0688752   .0265876     2.59   0.013     .0154172    .1223331
       _cons |   14511.21    6275.14     2.31   0.025     1894.192    27128.22
------------------------------------------------------------------------------
LOS回归 for 粉丝团增量, 销量

      Source |       SS           df       MS      Number of obs   =        50
-------------+----------------------------------   F(1, 48)        =     54.47
       Model |  1.0018e+12         1  1.0018e+12   Prob > F        =    0.0000
    Residual |  8.8280e+11        48  1.8392e+10   R-squared       =    0.5316
-------------+----------------------------------   Adj R-squared   =    0.5218
       Total |  1.8846e+12        49  3.8462e+10   Root MSE        =    1.4e+0
> 5

------------------------------------------------------------------------------
  粉丝团增量 |      Coef.   Std. Err.      t    P>|t|     [95% Conf. Interval]
-------------+----------------------------------------------------------------
        销量 |   .9695494   .1313669     7.38   0.000     .7054184     1.23368
       _cons |   4514.967   21915.43     0.21   0.838    -39548.95    48578.88
------------------------------------------------------------------------------
LOS回归 for 粉丝团增量, 销售额

      Source |       SS           df       MS      Number of obs   =        50
-------------+----------------------------------   F(1, 48)        =     77.07
       Model |  1.1613e+12         1  1.1613e+12   Prob > F        =    0.0000
    Residual |  7.2328e+11        48  1.5068e+10   R-squared       =    0.6162
-------------+----------------------------------   Adj R-squared   =    0.6082
       Total |  1.8846e+12        49  3.8462e+10   Root MSE        =    1.2e+0
> 5

------------------------------------------------------------------------------
  粉丝团增量 |      Coef.   Std. Err.      t    P>|t|     [95% Conf. Interval]
-------------+----------------------------------------------------------------
      销售额 |   .0160531   .0018286     8.78   0.000     .0123765    .0197297
       _cons |  -17122.94   20757.35    -0.82   0.414    -58858.38     24612.5
------------------------------------------------------------------------------
LOS回归 for 粉丝团增量, 粉丝总量

      Source |       SS           df       MS      Number of obs   =        50
-------------+----------------------------------   F(1, 48)        =      7.18
       Model |  2.4517e+11         1  2.4517e+11   Prob > F        =    0.0101
    Residual |  1.6395e+12        48  3.4155e+10   R-squared       =    0.1301
-------------+----------------------------------   Adj R-squared   =    0.1120
       Total |  1.8846e+12        49  3.8462e+10   Root MSE        =    1.8e+0
> 5

------------------------------------------------------------------------------
  粉丝团增量 |      Coef.   Std. Err.      t    P>|t|     [95% Conf. Interval]
-------------+----------------------------------------------------------------
    粉丝总量 |   .0089924   .0033564     2.68   0.010     .0022439    .0157409
       _cons |   34678.91   31708.68     1.09   0.280    -29075.66    98433.49
------------------------------------------------------------------------------
LOS回归 for 粉丝团增量, 点赞总数

      Source |       SS           df       MS      Number of obs   =        50
-------------+----------------------------------   F(1, 48)        =      8.44
       Model |  2.8172e+11         1  2.8172e+11   Prob > F        =    0.0055
    Residual |  1.6029e+12        48  3.3394e+10   R-squared       =    0.1495
-------------+----------------------------------   Adj R-squared   =    0.1318
       Total |  1.8846e+12        49  3.8462e+10   Root MSE        =    1.8e+0
> 5

------------------------------------------------------------------------------
  粉丝团增量 |      Coef.   Std. Err.      t    P>|t|     [95% Conf. Interval]
-------------+----------------------------------------------------------------
    点赞总数 |   .0007392   .0002545     2.90   0.006     .0002275    .0012509
       _cons |   46731.27   28669.01     1.63   0.110    -10911.63    104374.2
------------------------------------------------------------------------------
LOS回归 for 粉丝团增量, 平均评论

      Source |       SS           df       MS      Number of obs   =        50
-------------+----------------------------------   F(1, 48)        =      0.01
       Model |   367659379         1   367659379   Prob > F        =    0.9233
    Residual |  1.8843e+12        48  3.9255e+10   R-squared       =    0.0002
-------------+----------------------------------   Adj R-squared   =   -0.0206
       Total |  1.8846e+12        49  3.8462e+10   Root MSE        =    2.0e+0
> 5

------------------------------------------------------------------------------
  粉丝团增量 |      Coef.   Std. Err.      t    P>|t|     [95% Conf. Interval]
-------------+----------------------------------------------------------------
    平均评论 |   1.655019    17.1013     0.10   0.923    -32.72945    36.03949
       _cons |   80513.98    36514.5     2.20   0.032      7096.66    153931.3
------------------------------------------------------------------------------
LOS回归 for 粉丝团增量, 平均转发

      Source |       SS           df       MS      Number of obs   =        50
-------------+----------------------------------   F(1, 48)        =      0.20
       Model |  7.8214e+09         1  7.8214e+09   Prob > F        =    0.6567
    Residual |  1.8768e+12        48  3.9100e+10   R-squared       =    0.0042
-------------+----------------------------------   Adj R-squared   =   -0.0166
       Total |  1.8846e+12        49  3.8462e+10   Root MSE        =    2.0e+0
> 5

------------------------------------------------------------------------------
  粉丝团增量 |      Coef.   Std. Err.      t    P>|t|     [95% Conf. Interval]
-------------+----------------------------------------------------------------
    平均转发 |  -4.681985   10.46832    -0.45   0.657    -25.72996    16.36599
       _cons |   86943.21   29472.88     2.95   0.005     27684.01    146202.4
------------------------------------------------------------------------------
LOS回归 for 粉丝团增量, 音浪收入

      Source |       SS           df       MS      Number of obs   =        50
-------------+----------------------------------   F(1, 48)        =     39.54
       Model |  8.5122e+11         1  8.5122e+11   Prob > F        =    0.0000
    Residual |  1.0334e+12        48  2.1529e+10   R-squared       =    0.4517
-------------+----------------------------------   Adj R-squared   =    0.4402
       Total |  1.8846e+12        49  3.8462e+10   Root MSE        =    1.5e+0
> 5

------------------------------------------------------------------------------
  粉丝团增量 |      Coef.   Std. Err.      t    P>|t|     [95% Conf. Interval]
-------------+----------------------------------------------------------------
    音浪收入 |   .6558172   .1042983     6.29   0.000     .4461113    .8655231
       _cons |  -490.1147   24616.25    -0.02   0.984     -49984.4    49004.17
------------------------------------------------------------------------------
LOS回归 for 送礼UV, 销量

      Source |       SS           df       MS      Number of obs   =        50
-------------+----------------------------------   F(1, 48)        =     69.03
       Model |  1.5181e+10         1  1.5181e+10   Prob > F        =    0.0000
    Residual |  1.0555e+10        48   219901591   R-squared       =    0.5899
-------------+----------------------------------   Adj R-squared   =    0.5813
       Total |  2.5736e+10        49   525226536   Root MSE        =     14829

------------------------------------------------------------------------------
      送礼UV |      Coef.   Std. Err.      t    P>|t|     [95% Conf. Interval]
-------------+----------------------------------------------------------------
        销量 |   .1193501   .0143645     8.31   0.000     .0904684    .1482318
       _cons |   1901.801   2396.366     0.79   0.431    -2916.416    6720.018
------------------------------------------------------------------------------
LOS回归 for 送礼UV, 销售额

      Source |       SS           df       MS      Number of obs   =        50
-------------+----------------------------------   F(1, 48)        =    113.51
       Model |  1.8087e+10         1  1.8087e+10   Prob > F        =    0.0000
    Residual |  7.6486e+09        48   159346843   R-squared       =    0.7028
-------------+----------------------------------   Adj R-squared   =    0.6966
       Total |  2.5736e+10        49   525226536   Root MSE        =     12623

------------------------------------------------------------------------------
      送礼UV |      Coef.   Std. Err.      t    P>|t|     [95% Conf. Interval]
-------------+----------------------------------------------------------------
      销售额 |   .0020034    .000188    10.65   0.000     .0016253    .0023815
       _cons |  -931.6332   2134.566    -0.44   0.664    -5223.465    3360.199
------------------------------------------------------------------------------
LOS回归 for 送礼UV, 粉丝总量

      Source |       SS           df       MS      Number of obs   =        50
-------------+----------------------------------   F(1, 48)        =      2.36
       Model |  1.2083e+09         1  1.2083e+09   Prob > F        =    0.1307
    Residual |  2.4528e+10        48   510996813   R-squared       =    0.0469
-------------+----------------------------------   Adj R-squared   =    0.0271
       Total |  2.5736e+10        49   525226536   Root MSE        =     22605

------------------------------------------------------------------------------
      送礼UV |      Coef.   Std. Err.      t    P>|t|     [95% Conf. Interval]
-------------+----------------------------------------------------------------
    粉丝总量 |   .0006313   .0004105     1.54   0.131    -.0001942    .0014567
       _cons |   8159.319   3878.449     2.10   0.041     361.1751    15957.46
------------------------------------------------------------------------------
LOS回归 for 送礼UV, 点赞总数

      Source |       SS           df       MS      Number of obs   =        50
-------------+----------------------------------   F(1, 48)        =      1.82
       Model |   939457214         1   939457214   Prob > F        =    0.1838
    Residual |  2.4797e+10        48   516596731   R-squared       =    0.0365
-------------+----------------------------------   Adj R-squared   =    0.0164
       Total |  2.5736e+10        49   525226536   Root MSE        =     22729

------------------------------------------------------------------------------
      送礼UV |      Coef.   Std. Err.      t    P>|t|     [95% Conf. Interval]
-------------+----------------------------------------------------------------
    点赞总数 |   .0000427   .0000317     1.35   0.184     -.000021    .0001063
       _cons |   9454.401    3565.79     2.65   0.011       2284.9     16623.9
------------------------------------------------------------------------------
LOS回归 for 送礼UV, 平均评论

      Source |       SS           df       MS      Number of obs   =        50
-------------+----------------------------------   F(1, 48)        =      0.02
       Model |  9495564.11         1  9495564.11   Prob > F        =    0.8947
    Residual |  2.5727e+10        48   535970932   R-squared       =    0.0004
-------------+----------------------------------   Adj R-squared   =   -0.0205
       Total |  2.5736e+10        49   525226536   Root MSE        =     23151

------------------------------------------------------------------------------
      送礼UV |      Coef.   Std. Err.      t    P>|t|     [95% Conf. Interval]
-------------+----------------------------------------------------------------
    平均评论 |   .2659748   1.998254     0.13   0.895    -3.751785    4.283734
       _cons |   11171.95   4266.649     2.62   0.012     2593.276    19750.62
------------------------------------------------------------------------------
LOS回归 for 送礼UV, 平均转发

      Source |       SS           df       MS      Number of obs   =        50
-------------+----------------------------------   F(1, 48)        =      0.15
       Model |  78116122.7         1  78116122.7   Prob > F        =    0.7039
    Residual |  2.5658e+10        48   534541337   R-squared       =    0.0030
-------------+----------------------------------   Adj R-squared   =   -0.0177
       Total |  2.5736e+10        49   525226536   Root MSE        =     23120

------------------------------------------------------------------------------
      送礼UV |      Coef.   Std. Err.      t    P>|t|     [95% Conf. Interval]
-------------+----------------------------------------------------------------
    平均转发 |  -.4679065   1.223994    -0.38   0.704    -2.928912    1.993099
       _cons |   11952.17   3446.076     3.47   0.001     5023.371    18880.97
------------------------------------------------------------------------------
LOS回归 for 送礼UV, 音浪收入

      Source |       SS           df       MS      Number of obs   =        50
-------------+----------------------------------   F(1, 48)        =     42.96
       Model |  1.2156e+10         1  1.2156e+10   Prob > F        =    0.0000
    Residual |  1.3580e+10        48   282924855   R-squared       =    0.4723
-------------+----------------------------------   Adj R-squared   =    0.4613
       Total |  2.5736e+10        49   525226536   Root MSE        =     16820

------------------------------------------------------------------------------
      送礼UV |      Coef.   Std. Err.      t    P>|t|     [95% Conf. Interval]
-------------+----------------------------------------------------------------
    音浪收入 |   .0783705   .0119563     6.55   0.000     .0543307    .1024104
       _cons |   1585.283   2821.908     0.56   0.577    -4088.543     7259.11
------------------------------------------------------------------------------

. log close
      name:  <unnamed>
       log:  D:\code\tt_no1\huizong_in_browser\data\2_shifu.log
  log type:  text
 closed on:  25 Jun 2020, 18:25:12
------------------------------------------------------------------------------
